2022-01-26 18:36:11,875:Removed: ['American.Dad!.S19E01.WEBRip.x264-ION10']
2022-01-26 18:36:19,890:Added: ['The.Righteous.Gemstones.S02E04.720p.WEB.H264-CAKES[rarbg]']
2022-01-26 18:36:35,915:Removed: ['The.Righteous.Gemstones.S02E04.720p.WEB.H264-CAKES[rarbg]']
2022-01-26 18:37:01,741:Added: ['The.Righteous.Gemstones.S02E04.720p.WEB.H264-CAKES[rarbg]']
2022-01-26 18:38:16,997:Removed: ['The.Righteous.Gemstones.S02E04.720p.WEB.H264-CAKES[rarbg]']
2022-01-26 18:38:21,004:Added: ['The.Righteous.Gemstones.S02E04.720p.WEB.H264-CAKES[rarbg]']
2022-01-26 18:38:27,020:Removed: ['The.Righteous.Gemstones.S02E04.720p.WEB.H264-CAKES[rarbg]']
2022-01-26 19:06:32,650:Added: ['The.Righteous.Gemstones.S02E04.720p.WEB.H264-CAKES[rarbg]']
2022-01-26 19:11:05,530:Added: ['The.Righteous.Gemstones.S02E04.720p.WEB.H264-CAKES[rarbg]']
2022-01-26 19:13:32,321:Added: ['The.Righteous.Gemstones.S02E04.720p.WEB.H264-CAKES[rarbg]']
2022-01-26 19:14:28,719:Removed: ['The.Righteous.Gemstones.S02E04.720p.WEB.H264-CAKES[rarbg]']
2022-01-26 19:14:32,727:Added: ['The.Righteous.Gemstones.S02E04.720p.WEB.H264-CAKES[rarbg]']
2022-01-26 19:17:51,707:Removed: ['The.Righteous.Gemstones.S02E04.720p.WEB.H264-CAKES[rarbg]']
2022-01-26 19:17:53,714:Added: ['The.Righteous.Gemstones.S02E04.720p.WEB.H264-CAKES[rarbg]']
2022-01-26 19:18:49,516:The Righteous Gemstones was add to: /Volumes/homes/plex/TV Shows/The Righteous Gemstones/Season 2/The.Righteous.Gemstones.S02E04 - Wed Jan 26 19:17:53 2022.mkv
2022-01-26 19:25:36,130:Added: ['RARBG.txt']
2022-01-26 19:32:10,757:Removed: ['RARBG.txt']
2022-01-26 19:33:46,906:Added: ['RARBG.txt']
2022-01-26 19:35:23,053:Removed: ['RARBG.txt']
2022-01-26 19:37:27,904:Removed: ['The.Righteous.Gemstones.S02E04.720p.WEB.H264-CAKES[rarbg]']
2022-01-26 19:39:16,072:Added: ['The.Simpsons.S33E11.WEBRip.x264-ION10']
2022-01-26 19:39:32,291:The Simpsons was add to: /Volumes/homes/plex/TV Shows/The Simpsons/Season 33/The.Simpsons.S33E11 - Wed Jan 26 19:39:16 2022.mp4
